Practica2_3                                                                                                             PAGE 1
                         1     ;Copyright 2017 Almudena Garcia Jurado-Centurion
                         2
                         3     ;This program is free software: you can redistribute it and/or modify
                         4     ;it under the terms of the GNU General Public License as published by
                         5     ;the Free Software Foundation, either version 3 of the License, or
                         6     ;(at your option) any later version.
                         7
                         8     ;This program is distributed in the hope that it will be useful,
                         9     ;but WITHOUT ANY WARRANTY; without even the implied warranty of
                        10     ;MERCHANTABILITY or FITNESS FOR A PARTICULAR PURPOSE.  See the
                        11     ;GNU General Public License for more details.
                        12
                        13     ;You should have received a copy of the GNU General Public License
                        14     ;along with this program.  If not, see <http://www.gnu.org/licenses/>.
                        15
                        16     org 00h
                        17
  0080                  18     CLEAR equ P0.0
  0081                  19     PRESET equ P0.1
  0082                  20     CK equ P0.2
  0083                  21     notQD equ P0.3
  0084                  22     QD equ P0.4
  0085                  23     QC equ P0.5
  0086                  24     QB equ P0.6
  0087                  25     QA equ P0.7
                        26
  0095                  27     X equ P1.5
  0096                  28     Y equ P1.6
  0094                  29     notQA equ P1.4
  0093                  30     notQB equ P1.3
  0092                  31     notQC equ P1.2
                        32
                        33
                        34
                        35     inicio:
0000 00                 36             NOP
                        37
                        38             ;Biestable A
                        39
                        40             ;X <- (not (notQD) and CK)
0001 A283               41             MOV C, notQD
0003 B3                 42             CPL C
0004 8282               43             ANL C, CK
0006 9295               44             MOV X, C
                        45
                        46             ;Y <- (notQD and CK)
0008 A283               47             MOV C, notQD
000A 8282               48             ANL C, CK
000C 9296               49             MOV Y, C
                        50
                        51             ;QA <- not (CLEAR or X or notQ)
000E A295               52             MOV C, X
0010 7280               53             ORL C, CLEAR
0012 7294               54             ORL C, notQA
0014 B3                 55             CPL C
0015 9287               56             MOV QA, C
                        57
                        58             ;notQA <- not (PRESET or Y or Q)
0017 A296               59             MOV C, Y
0019 7281               60             ORL C, PRESET
001B 7287               61             ORL C, QA
001D B3                 62             CPL C
001E 9294               63             MOV notQA, C
                        64
                        65             ;QA <- not (CLEAR or X or notQ)
0020 A295               66             MOV C, X
0022 7280               67             ORL C, CLEAR
0024 7294               68             ORL C, notQA
0026 B3                 69             CPL C
0027 9287               70             MOV QA, C
                        71
                        72             ;Biestable B
                        73
0029 A287               74             MOV C, QA
002B B3                 75             CPL C
002C 8282               76             ANL C, CK
002E 9295               77             MOV X, C
                        78
0030 A287               79             MOV C, QA
0032 8282               80             ANL C, CK
0034 9296               81             MOV Y, C
                        82
0036 A295               83             MOV C, X
0038 7280               84             ORL C, CLEAR
003A 7293               85             ORL C, notQB
003C B3                 86             CPL C
003D 9286               87             MOV QB, C
                        88
003F A296               89             MOV C, Y
0041 7281               90             ORL C, PRESET
0043 7286               91             ORL C, QB
0045 B3                 92             CPL C
0046 9293               93             MOV notQB, C
                        94
0048 A295               95             MOV C, X
004A 7280               96             ORL C, CLEAR
004C 7293               97             ORL C, notQB
004E B3                 98             CPL C
004F 9286               99             MOV QB, C
                       100
                       101
                       102             ;Biestable C
                       103
0051 A286              104             MOV C, QB
0053 B3                105             CPL C
0054 8282              106             ANL C, CK
0056 9295              107             MOV X, C
                       108
0058 A286              109             MOV C, QB
005A 8282              110             ANL C, CK
005C 9296              111             MOV Y, C
                       112
005E A295              113             MOV C, X
0060 7280              114             ORL C, CLEAR
0062 7292              115             ORL C, notQC
0064 B3                116             CPL C
0065 9285              117             MOV QC, C
                       118
0067 A296              119             MOV C, Y
0069 7281              120             ORL C, PRESET
006B 7285              121             ORL C, QC
006D B3                122             CPL C
006E 9292              123             MOV notQC, C
                       124
0070 A295              125             MOV C, X
0072 7280              126             ORL C, CLEAR
0074 7292              127             ORL C, notQC
0076 B3                128             CPL C
0077 9285              129             MOV QC, C
                       130
                       131             ;Biestable D
                       132
                       133             ;X <- (not D and CK)
0079 A285              134             MOV C, QC
007B B3                135             CPL C
007C 8282              136             ANL C, CK
007E 9295              137             MOV X, C
                       138
                       139             ;Y <- (D and CK)
0080 A285              140             MOV C, QC
0082 8282              141             ANL C, CK
0084 9296              142             MOV Y, C
                       143
                       144             ;Q <- not (CLEAR or X or notQ)
0086 A295              145             MOV C, X
0088 7280              146             ORL C, CLEAR
008A 7283              147             ORL C, notQD
008C B3                148             CPL C
008D 9284              149             MOV QD, C
                       150
                       151             ;notQ <- not (PRESET or Y or Q)
008F A296              152             MOV C, Y
0091 7281              153             ORL C, PRESET
0093 7284              154             ORL C, QD
0095 B3                155             CPL C
0096 9283              156             MOV notQD, C
                       157
                       158             ;Q <- not (CLEAR or X or notQ)
0098 A295              159             MOV C, X
009A 7280              160             ORL C, CLEAR
009C 7283              161             ORL C, notQD
009E B3                162             CPL C
009F 9284              163             MOV QD, C
                       164
                       165
00A1 0100              166     JMP inicio
                       167
                       168
                       169
                       170
****WARNING:Missing`END'directive
ASSEMBLY COMPLETE, NO ERRORS FOUND, 1 WARNING


ERROR SUMMARY:
Line 170, WARNING:Missing`END'directive

SYMBOL TABLE:
??MCU_8051_IDE . . . . . . . . . . .  N  NUMB  8051H  NOT USED
??VERSION. . . . . . . . . . . . . .  N  NUMB  014AH  NOT USED
AC . . . . . . . . . . . . . . . . .  B  ADDR  00D6H  NOT USED
ACC. . . . . . . . . . . . . . . . .  D  ADDR  00E0H  NOT USED
ACSR . . . . . . . . . . . . . . . .  D  ADDR  0097H  NOT USED
ADCF . . . . . . . . . . . . . . . .  D  ADDR  00F6H  NOT USED
ADCLK. . . . . . . . . . . . . . . .  D  ADDR  00F2H  NOT USED
ADCON. . . . . . . . . . . . . . . .  D  ADDR  00F3H  NOT USED
ADDH . . . . . . . . . . . . . . . .  D  ADDR  00F5H  NOT USED
ADDL . . . . . . . . . . . . . . . .  D  ADDR  00F4H  NOT USED
AUXR . . . . . . . . . . . . . . . .  D  ADDR  008EH  NOT USED
AUXR1. . . . . . . . . . . . . . . .  D  ADDR  00A2H  NOT USED
B. . . . . . . . . . . . . . . . . .  D  ADDR  00F0H  NOT USED
BDRCON . . . . . . . . . . . . . . .  D  ADDR  009BH  NOT USED
BDRCON_1 . . . . . . . . . . . . . .  D  ADDR  009CH  NOT USED
BRL. . . . . . . . . . . . . . . . .  D  ADDR  009AH  NOT USED
CCAP0H . . . . . . . . . . . . . . .  D  ADDR  00FAH  NOT USED
CCAP0L . . . . . . . . . . . . . . .  D  ADDR  00EAH  NOT USED
CCAP1H . . . . . . . . . . . . . . .  D  ADDR  00FBH  NOT USED
CCAP1L . . . . . . . . . . . . . . .  D  ADDR  00EBH  NOT USED
CCAP2H . . . . . . . . . . . . . . .  D  ADDR  00FCH  NOT USED
CCAP3H . . . . . . . . . . . . . . .  D  ADDR  00FDH  NOT USED
CCAP4H . . . . . . . . . . . . . . .  D  ADDR  00FEH  NOT USED
CCAPL2H. . . . . . . . . . . . . . .  D  ADDR  00FCH  NOT USED
CCAPL2L. . . . . . . . . . . . . . .  D  ADDR  00ECH  NOT USED
CCAPL3H. . . . . . . . . . . . . . .  D  ADDR  00FDH  NOT USED
CCAPL3L. . . . . . . . . . . . . . .  D  ADDR  00EDH  NOT USED
CCAPL4H. . . . . . . . . . . . . . .  D  ADDR  00FEH  NOT USED
CCAPL4L. . . . . . . . . . . . . . .  D  ADDR  00EEH  NOT USED
CCAPM0 . . . . . . . . . . . . . . .  D  ADDR  00DAH  NOT USED
CCAPM1 . . . . . . . . . . . . . . .  D  ADDR  00DBH  NOT USED
CCAPM2 . . . . . . . . . . . . . . .  D  ADDR  00DCH  NOT USED
CCAPM3 . . . . . . . . . . . . . . .  D  ADDR  00DDH  NOT USED
CCAPM4 . . . . . . . . . . . . . . .  D  ADDR  00DEH  NOT USED
CCF0 . . . . . . . . . . . . . . . .  B  ADDR  00D8H  NOT USED
CCF1 . . . . . . . . . . . . . . . .  B  ADDR  00D9H  NOT USED
CCF2 . . . . . . . . . . . . . . . .  B  ADDR  00DAH  NOT USED
CCF3 . . . . . . . . . . . . . . . .  B  ADDR  00DBH  NOT USED
CCF4 . . . . . . . . . . . . . . . .  B  ADDR  00DCH  NOT USED
CCON . . . . . . . . . . . . . . . .  D  ADDR  00D8H  NOT USED
CFINT. . . . . . . . . . . . . . . .  C  ADDR  0033H  NOT USED
CH . . . . . . . . . . . . . . . . .  D  ADDR  00F9H  NOT USED
CK . . . . . . . . . . . . . . . . .  N  NUMB  0082H
CKCON. . . . . . . . . . . . . . . .  D  ADDR  008FH  NOT USED
CKCON0 . . . . . . . . . . . . . . .  D  ADDR  008FH  NOT USED
CKRL . . . . . . . . . . . . . . . .  D  ADDR  0097H  NOT USED
CKSEL. . . . . . . . . . . . . . . .  D  ADDR  0085H  NOT USED
CL . . . . . . . . . . . . . . . . .  D  ADDR  00E9H  NOT USED
CLEAR. . . . . . . . . . . . . . . .  N  NUMB  0080H
CLKREG . . . . . . . . . . . . . . .  D  ADDR  008FH  NOT USED
CMOD . . . . . . . . . . . . . . . .  D  ADDR  00D9H  NOT USED
CPRL2. . . . . . . . . . . . . . . .  B  ADDR  00C8H  NOT USED
CR . . . . . . . . . . . . . . . . .  B  ADDR  00DEH  NOT USED
CT2. . . . . . . . . . . . . . . . .  B  ADDR  00C9H  NOT USED
CY . . . . . . . . . . . . . . . . .  B  ADDR  00D7H  NOT USED
DP0H . . . . . . . . . . . . . . . .  D  ADDR  0083H  NOT USED
DP0L . . . . . . . . . . . . . . . .  D  ADDR  0082H  NOT USED
DP1H . . . . . . . . . . . . . . . .  D  ADDR  0085H  NOT USED
DP1L . . . . . . . . . . . . . . . .  D  ADDR  0084H  NOT USED
DPH. . . . . . . . . . . . . . . . .  D  ADDR  0083H  NOT USED
DPL. . . . . . . . . . . . . . . . .  D  ADDR  0082H  NOT USED
EA . . . . . . . . . . . . . . . . .  B  ADDR  00AFH  NOT USED
EC . . . . . . . . . . . . . . . . .  B  ADDR  00AEH  NOT USED
EECON. . . . . . . . . . . . . . . .  D  ADDR  0096H  NOT USED
ES . . . . . . . . . . . . . . . . .  B  ADDR  00ACH  NOT USED
ET0. . . . . . . . . . . . . . . . .  B  ADDR  00A9H  NOT USED
ET1. . . . . . . . . . . . . . . . .  B  ADDR  00ABH  NOT USED
ET2. . . . . . . . . . . . . . . . .  B  ADDR  00ADH  NOT USED
EX0. . . . . . . . . . . . . . . . .  B  ADDR  00A8H  NOT USED
EX1. . . . . . . . . . . . . . . . .  B  ADDR  00AAH  NOT USED
EXEN2. . . . . . . . . . . . . . . .  B  ADDR  00CBH  NOT USED
EXF2 . . . . . . . . . . . . . . . .  B  ADDR  00CEH  NOT USED
EXTI0. . . . . . . . . . . . . . . .  C  ADDR  0003H  NOT USED
EXTI1. . . . . . . . . . . . . . . .  C  ADDR  0013H  NOT USED
F0 . . . . . . . . . . . . . . . . .  B  ADDR  00D5H  NOT USED
FE . . . . . . . . . . . . . . . . .  B  ADDR  009FH  NOT USED
IE . . . . . . . . . . . . . . . . .  D  ADDR  00A8H  NOT USED
IE0. . . . . . . . . . . . . . . . .  B  ADDR  0089H  NOT USED
IE1. . . . . . . . . . . . . . . . .  B  ADDR  008BH  NOT USED
INICIO . . . . . . . . . . . . . . .  C  ADDR  0000H
INT0 . . . . . . . . . . . . . . . .  B  ADDR  00B2H  NOT USED
INT1 . . . . . . . . . . . . . . . .  B  ADDR  00B3H  NOT USED
IP . . . . . . . . . . . . . . . . .  D  ADDR  00B8H  NOT USED
IPH. . . . . . . . . . . . . . . . .  D  ADDR  00B7H  NOT USED
IPH0 . . . . . . . . . . . . . . . .  D  ADDR  00B7H  NOT USED
IPH1 . . . . . . . . . . . . . . . .  D  ADDR  00B3H  NOT USED
IPL0 . . . . . . . . . . . . . . . .  D  ADDR  00B8H  NOT USED
IPL1 . . . . . . . . . . . . . . . .  D  ADDR  00B2H  NOT USED
IT0. . . . . . . . . . . . . . . . .  B  ADDR  0088H  NOT USED
IT1. . . . . . . . . . . . . . . . .  B  ADDR  008AH  NOT USED
KBE. . . . . . . . . . . . . . . . .  D  ADDR  009DH  NOT USED
KBF. . . . . . . . . . . . . . . . .  D  ADDR  009EH  NOT USED
KBLS . . . . . . . . . . . . . . . .  D  ADDR  009CH  NOT USED
NOTQA. . . . . . . . . . . . . . . .  N  NUMB  0094H
NOTQB. . . . . . . . . . . . . . . .  N  NUMB  0093H
NOTQC. . . . . . . . . . . . . . . .  N  NUMB  0092H
NOTQD. . . . . . . . . . . . . . . .  N  NUMB  0083H
OSCCON . . . . . . . . . . . . . . .  D  ADDR  0086H  NOT USED
OV . . . . . . . . . . . . . . . . .  B  ADDR  00D2H  NOT USED
P. . . . . . . . . . . . . . . . . .  B  ADDR  00D0H  NOT USED
P0 . . . . . . . . . . . . . . . . .  D  ADDR  0080H  NOT USED
P1 . . . . . . . . . . . . . . . . .  D  ADDR  0090H  NOT USED
P1M1 . . . . . . . . . . . . . . . .  D  ADDR  00D4H  NOT USED
P1M2 . . . . . . . . . . . . . . . .  D  ADDR  00E2H  NOT USED
P2 . . . . . . . . . . . . . . . . .  D  ADDR  00A0H  NOT USED
P3 . . . . . . . . . . . . . . . . .  D  ADDR  00B0H  NOT USED
P3M1 . . . . . . . . . . . . . . . .  D  ADDR  00D5H  NOT USED
P3M2 . . . . . . . . . . . . . . . .  D  ADDR  00E3H  NOT USED
P4 . . . . . . . . . . . . . . . . .  D  ADDR  00C0H  NOT USED
P4M1 . . . . . . . . . . . . . . . .  D  ADDR  00D6H  NOT USED
P4M2 . . . . . . . . . . . . . . . .  D  ADDR  00E4H  NOT USED
P5 . . . . . . . . . . . . . . . . .  D  ADDR  00E8H  NOT USED
PC . . . . . . . . . . . . . . . . .  B  ADDR  00BEH  NOT USED
PCON . . . . . . . . . . . . . . . .  D  ADDR  0087H  NOT USED
PPCL . . . . . . . . . . . . . . . .  B  ADDR  00BEH  NOT USED
PRESET . . . . . . . . . . . . . . .  N  NUMB  0081H
PS . . . . . . . . . . . . . . . . .  B  ADDR  00BCH  NOT USED
PSL. . . . . . . . . . . . . . . . .  B  ADDR  00BCH  NOT USED
PSW. . . . . . . . . . . . . . . . .  D  ADDR  00D0H  NOT USED
PT0. . . . . . . . . . . . . . . . .  B  ADDR  00B9H  NOT USED
PT0L . . . . . . . . . . . . . . . .  B  ADDR  00B9H  NOT USED
PT1. . . . . . . . . . . . . . . . .  B  ADDR  00BBH  NOT USED
PT1L . . . . . . . . . . . . . . . .  B  ADDR  00BBH  NOT USED
PT2. . . . . . . . . . . . . . . . .  B  ADDR  00BDH  NOT USED
PT2L . . . . . . . . . . . . . . . .  B  ADDR  00BDH  NOT USED
PX0. . . . . . . . . . . . . . . . .  B  ADDR  00B8H  NOT USED
PX0L . . . . . . . . . . . . . . . .  B  ADDR  00B8H  NOT USED
PX1. . . . . . . . . . . . . . . . .  B  ADDR  00BAH  NOT USED
PX1L . . . . . . . . . . . . . . . .  B  ADDR  00BAH  NOT USED
QA . . . . . . . . . . . . . . . . .  N  NUMB  0087H
QB . . . . . . . . . . . . . . . . .  N  NUMB  0086H
QC . . . . . . . . . . . . . . . . .  N  NUMB  0085H
QD . . . . . . . . . . . . . . . . .  N  NUMB  0084H
RB8. . . . . . . . . . . . . . . . .  B  ADDR  009AH  NOT USED
RCAP2H . . . . . . . . . . . . . . .  D  ADDR  00CBH  NOT USED
RCAP2L . . . . . . . . . . . . . . .  D  ADDR  00CAH  NOT USED
RCLK . . . . . . . . . . . . . . . .  B  ADDR  00CDH  NOT USED
RD . . . . . . . . . . . . . . . . .  B  ADDR  00B7H  NOT USED
REN. . . . . . . . . . . . . . . . .  B  ADDR  009CH  NOT USED
RESET. . . . . . . . . . . . . . . .  C  ADDR  0000H  NOT USED
RI . . . . . . . . . . . . . . . . .  B  ADDR  0098H  NOT USED
RS0. . . . . . . . . . . . . . . . .  B  ADDR  00D3H  NOT USED
RS1. . . . . . . . . . . . . . . . .  B  ADDR  00D4H  NOT USED
RXD. . . . . . . . . . . . . . . . .  B  ADDR  00B0H  NOT USED
SADDR. . . . . . . . . . . . . . . .  D  ADDR  00A9H  NOT USED
SADDR_0. . . . . . . . . . . . . . .  D  ADDR  00A9H  NOT USED
SADDR_1. . . . . . . . . . . . . . .  D  ADDR  00AAH  NOT USED
SADEN. . . . . . . . . . . . . . . .  D  ADDR  00B9H  NOT USED
SADEN_0. . . . . . . . . . . . . . .  D  ADDR  00B9H  NOT USED
SADEN_1. . . . . . . . . . . . . . .  D  ADDR  00BAH  NOT USED
SBUF . . . . . . . . . . . . . . . .  D  ADDR  0099H  NOT USED
SCON . . . . . . . . . . . . . . . .  D  ADDR  0098H  NOT USED
SINT . . . . . . . . . . . . . . . .  C  ADDR  0023H  NOT USED
SM0. . . . . . . . . . . . . . . . .  B  ADDR  009FH  NOT USED
SM1. . . . . . . . . . . . . . . . .  B  ADDR  009EH  NOT USED
SM2. . . . . . . . . . . . . . . . .  B  ADDR  009DH  NOT USED
SP . . . . . . . . . . . . . . . . .  D  ADDR  0081H  NOT USED
SPCON. . . . . . . . . . . . . . . .  D  ADDR  00C3H  NOT USED
SPCR . . . . . . . . . . . . . . . .  D  ADDR  00D5H  NOT USED
SPDAT. . . . . . . . . . . . . . . .  D  ADDR  00C5H  NOT USED
SPDR . . . . . . . . . . . . . . . .  D  ADDR  0086H  NOT USED
SPSR . . . . . . . . . . . . . . . .  D  ADDR  00AAH  NOT USED
SPSTA. . . . . . . . . . . . . . . .  D  ADDR  00C4H  NOT USED
T0 . . . . . . . . . . . . . . . . .  B  ADDR  00B4H  NOT USED
T1 . . . . . . . . . . . . . . . . .  B  ADDR  00B5H  NOT USED
T2CON. . . . . . . . . . . . . . . .  D  ADDR  00C8H  NOT USED
T2MOD. . . . . . . . . . . . . . . .  D  ADDR  00C9H  NOT USED
TB8. . . . . . . . . . . . . . . . .  B  ADDR  009BH  NOT USED
TCLK . . . . . . . . . . . . . . . .  B  ADDR  00CCH  NOT USED
TCON . . . . . . . . . . . . . . . .  D  ADDR  0088H  NOT USED
TF0. . . . . . . . . . . . . . . . .  B  ADDR  008DH  NOT USED
TF1. . . . . . . . . . . . . . . . .  B  ADDR  008FH  NOT USED
TF2. . . . . . . . . . . . . . . . .  B  ADDR  00CFH  NOT USED
TH0. . . . . . . . . . . . . . . . .  D  ADDR  008CH  NOT USED
TH1. . . . . . . . . . . . . . . . .  D  ADDR  008DH  NOT USED
TH2. . . . . . . . . . . . . . . . .  D  ADDR  00CDH  NOT USED
TI . . . . . . . . . . . . . . . . .  B  ADDR  0099H  NOT USED
TIMER0 . . . . . . . . . . . . . . .  C  ADDR  000BH  NOT USED
TIMER1 . . . . . . . . . . . . . . .  C  ADDR  001BH  NOT USED
TIMER2 . . . . . . . . . . . . . . .  C  ADDR  002BH  NOT USED
TL0. . . . . . . . . . . . . . . . .  D  ADDR  008AH  NOT USED
TL1. . . . . . . . . . . . . . . . .  D  ADDR  008BH  NOT USED
TL2. . . . . . . . . . . . . . . . .  D  ADDR  00CCH  NOT USED
TMOD . . . . . . . . . . . . . . . .  D  ADDR  0089H  NOT USED
TR0. . . . . . . . . . . . . . . . .  B  ADDR  008CH  NOT USED
TR1. . . . . . . . . . . . . . . . .  B  ADDR  008EH  NOT USED
TR2. . . . . . . . . . . . . . . . .  B  ADDR  00CAH  NOT USED
TXD. . . . . . . . . . . . . . . . .  B  ADDR  00B1H  NOT USED
WDTCON . . . . . . . . . . . . . . .  D  ADDR  00A7H  NOT USED
WDTPRG . . . . . . . . . . . . . . .  D  ADDR  00A7H  NOT USED
WDTRST . . . . . . . . . . . . . . .  D  ADDR  00A6H  NOT USED
WR . . . . . . . . . . . . . . . . .  B  ADDR  00B6H  NOT USED
X. . . . . . . . . . . . . . . . . .  N  NUMB  0095H
Y. . . . . . . . . . . . . . . . . .  N  NUMB  0096H